[19:58:09] [main/WARN]: Ambiguity between arguments [teleport, destination] and [teleport, targets] with inputs: [Player, 0123, @e, dd12be42-52a9-4a91-a8a1-11c01849e498]
[19:58:09] [main/WARN]: Ambiguity between arguments [teleport, location] and [teleport, destination] with inputs: [0.1 -0.5 .9, 0 0 0]
[19:58:09] [main/WARN]: Ambiguity between arguments [teleport, location] and [teleport, targets] with inputs: [0.1 -0.5 .9, 0 0 0]
[19:58:09] [main/WARN]: Ambiguity between arguments [teleport, targets] and [teleport, destination] with inputs: [Player, 0123, dd12be42-52a9-4a91-a8a1-11c01849e498]
[19:58:09] [main/WARN]: Ambiguity between arguments [teleport, targets, location] and [teleport, targets, destination] with inputs: [0.1 -0.5 .9, 0 0 0]
[19:58:09] [main/INFO]: Loaded 0 recipes
[19:58:09] [main/INFO]: Loaded 0 advancements
[19:58:09] [Server thread/INFO]: Starting minecraft server version 1.13.2
[19:58:09] [Server thread/INFO]: Loading properties
[19:58:09] [Server thread/INFO]: Default game type: SURVIVAL
[19:58:09] [Server thread/INFO]: Generating keypair
[19:58:10] [Server thread/INFO]: Starting Minecraft server on 192.168.0.163:25565
[19:58:10] [Server thread/INFO]: Using default channel type
[19:58:11] [Server thread/INFO]: Preparing level "world"
[19:58:11] [Server thread/INFO]: Reloading ResourceManager: Default
[19:58:11] [Server thread/INFO]: Loaded 524 recipes
[19:58:12] [Server thread/INFO]: Loaded 571 advancements
[19:58:12] [Server thread/INFO]: Preparing start region for dimension minecraft:overworld
[19:58:12] [Server thread/INFO]: Preparing spawn area: 4%
[19:58:12] [Server thread/INFO]: Preparing spawn area: 8%
[19:58:12] [Server thread/INFO]: Preparing spawn area: 12%
[19:58:12] [Server thread/INFO]: Preparing spawn area: 16%
[19:58:12] [Server thread/INFO]: Preparing spawn area: 20%
[19:58:12] [Server thread/INFO]: Preparing spawn area: 24%
[19:58:12] [Server thread/INFO]: Preparing spawn area: 28%
[19:58:12] [Server thread/INFO]: Preparing spawn area: 32%
[19:58:12] [Server thread/INFO]: Preparing spawn area: 36%
[19:58:12] [Server thread/INFO]: Preparing spawn area: 40%
[19:58:12] [Server thread/INFO]: Preparing spawn area: 44%
[19:58:12] [Server thread/INFO]: Preparing spawn area: 48%
[19:58:12] [Server thread/INFO]: Preparing spawn area: 52%
[19:58:12] [Server thread/INFO]: Preparing spawn area: 56%
[19:58:12] [Server thread/INFO]: Preparing spawn area: 60%
[19:58:12] [Server thread/INFO]: Preparing spawn area: 64%
[19:58:12] [Server thread/INFO]: Preparing spawn area: 68%
[19:58:12] [Server thread/INFO]: Preparing spawn area: 72%
[19:58:12] [Server thread/INFO]: Preparing spawn area: 76%
[19:58:12] [Server thread/INFO]: Preparing spawn area: 80%
[19:58:12] [Server thread/INFO]: Preparing spawn area: 84%
[19:58:12] [Server thread/INFO]: Preparing spawn area: 88%
[19:58:12] [Server thread/INFO]: Preparing spawn area: 92%
[19:58:12] [Server thread/INFO]: Preparing spawn area: 96%
[19:58:12] [Server thread/INFO]: Preparing spawn area: 100%
[19:58:12] [Server thread/INFO]: Time elapsed: 655 ms
[19:58:12] [Server thread/INFO]: Done (1.668s)! For help, type "help"
[19:58:37] [User Authenticator #1/INFO]: UUID of player H20_Predator is ff92f056-60b8-4785-bd56-64b78a7b780f
[19:58:38] [Server thread/INFO]: H20_Predator[/91.176.8.225:51556] logged in with entity id 183 at (-457.47470139468885, 65.875, -899.8768475452372)
[19:58:38] [Server thread/INFO]: H20_Predator joined the game
[19:59:15] [User Authenticator #2/INFO]: UUID of player ShawnRoss is 5f17adc0-0bc7-4429-a5f1-4a81cd6e917c
[19:59:15] [Server thread/INFO]: ShawnRoss[/192.168.0.163:55329] logged in with entity id 492 at (-246.5, 76.0, 224.5)
[19:59:15] [Server thread/INFO]: ShawnRoss joined the game
[19:59:30] [Server thread/INFO]: [H20_Predator: Teleported ShawnRoss to H20_Predator]
[20:04:30] [Server thread/INFO]: ShawnRoss has made the advancement [Fishy Business]
[20:06:01] [Server thread/INFO]: ShawnRoss has made the advancement [Isn't It Iron Pick]
[20:12:14] [Server thread/INFO]: [H20_Predator: Teleported ShawnRoss to H20_Predator]
[20:12:21] [Server thread/INFO]: ShawnRoss has made the advancement [Sweet Dreams]
[20:14:21] [Server thread/INFO]: ShawnRoss has made the advancement [Stone Age]
[20:22:43] [Server thread/INFO]: Unknown command
[20:22:43] [Server thread/INFO]: save all<--[HERE]
[20:22:45] [Server thread/INFO]: Saving the game (this may take a moment!)
[20:22:45] [Server thread/INFO]: Saved the game
[20:22:51] [Server thread/INFO]: Stopping the server
[20:22:51] [Server thread/INFO]: Stopping server
[20:22:51] [Server thread/INFO]: Saving players
[20:22:51] [Server thread/INFO]: H20_Predator lost connection: Internal Exception: java.lang.StackOverflowError
[20:22:51] [Server thread/INFO]: H20_Predator left the game
[20:22:51] [Server thread/INFO]: Saving worlds
[20:22:51] [Server thread/INFO]: Saving chunks for level 'world'/minecraft:the_end
[20:22:51] [Server thread/INFO]: Saving chunks for level 'world'/minecraft:the_nether
[20:22:51] [Server thread/INFO]: Saving chunks for level 'world'/minecraft:overworld
[20:22:51] [Server Shutdown Thread/INFO]: Stopping server
[20:22:51] [Server Shutdown Thread/INFO]: Saving players
